0 info it worked if it ends with ok
1 verbose cli [ '/usr/local/bin/node',
1 verbose cli   '/usr/local/bin/npm',
1 verbose cli   'install',
1 verbose cli   'nodemon',
1 verbose cli   '--g' ]
2 info using npm@2.15.9
3 info using node@v4.5.0
4 verbose install initial load of /usr/local/lib/package.json
5 verbose readDependencies loading dependencies from /usr/local/lib/package.json
6 silly cache add args [ 'nodemon', null ]
7 verbose cache add spec nodemon
8 silly cache add parsed spec Result {
8 silly cache add   raw: 'nodemon',
8 silly cache add   scope: null,
8 silly cache add   name: 'nodemon',
8 silly cache add   rawSpec: '',
8 silly cache add   spec: 'latest',
8 silly cache add   type: 'tag' }
9 silly addNamed nodemon@latest
10 verbose addNamed "latest" is being treated as a dist-tag for nodemon
11 info addNameTag [ 'nodemon', 'latest' ]
12 silly mapToRegistry name nodemon
13 silly mapToRegistry using default registry
14 silly mapToRegistry registry https://registry.npmjs.org/
15 silly mapToRegistry data Result {
15 silly mapToRegistry   raw: 'nodemon',
15 silly mapToRegistry   scope: null,
15 silly mapToRegistry   name: 'nodemon',
15 silly mapToRegistry   rawSpec: '',
15 silly mapToRegistry   spec: 'latest',
15 silly mapToRegistry   type: 'tag' }
16 silly mapToRegistry uri https://registry.npmjs.org/nodemon
17 verbose addNameTag registry:https://registry.npmjs.org/nodemon not in flight; fetching
18 verbose get https://registry.npmjs.org/nodemon not expired, no request
19 silly addNameTag next cb for nodemon with tag latest
20 silly addNamed nodemon@1.11.0
21 verbose addNamed "1.11.0" is a plain semver version for nodemon
22 silly cache afterAdd nodemon@1.11.0
23 verbose afterAdd /Users/Nicky/.npm/nodemon/1.11.0/package/package.json not in flight; writing
24 verbose correctMkdir /Users/Nicky/.npm correctMkdir not in flight; initializing
25 verbose afterAdd /Users/Nicky/.npm/nodemon/1.11.0/package/package.json written
26 silly install resolved [ { name: 'nodemon',
26 silly install resolved     homepage: 'http://nodemon.io',
26 silly install resolved     author: { name: 'Remy Sharp', url: 'http://github.com/remy' },
26 silly install resolved     bin: { nodemon: './bin/nodemon.js' },
26 silly install resolved     engines: { node: '>=0.8' },
26 silly install resolved     repository: { type: 'git', url: 'git+https://github.com/remy/nodemon.git' },
26 silly install resolved     description: 'Simple monitor script for use during development of a node.js app.',
26 silly install resolved     keywords:
26 silly install resolved      [ 'monitor',
26 silly install resolved        'development',
26 silly install resolved        'restart',
26 silly install resolved        'autoload',
26 silly install resolved        'reload',
26 silly install resolved        'terminal' ],
26 silly install resolved     license: 'MIT',
26 silly install resolved     main: './lib/nodemon',
26 silly install resolved     scripts:
26 silly install resolved      { coverage: 'istanbul cover _mocha -- --timeout 30000 --ui bdd --reporter list test/**/*.test.js',
26 silly install resolved        lint: 'jscs lib/**/*.js -v',
26 silly install resolved        ':spec': 'mocha --timeout 30000 --ui bdd test/**/*.test.js',
26 silly install resolved        test: 'npm run lint && npm run spec',
26 silly install resolved        spec: 'for FILE in test/**/*.test.js; do echo $FILE; ./node_modules/.bin/mocha --timeout 30000 $FILE; if [ $? -ne 0 ]; then exit 1; fi; sleep 1; done',
26 silly install resolved        web: 'node web',
26 silly install resolved        'semantic-release': 'semantic-release pre && npm publish && semantic-release post' },
26 silly install resolved     devDependencies:
26 silly install resolved      { async: '1.4.2',
26 silly install resolved        'coffee-script': '~1.7.1',
26 silly install resolved        connect: '~2.19.1',
26 silly install resolved        istanbul: '~0.2.10',
26 silly install resolved        jscs: '2.1.1',
26 silly install resolved        mocha: '2.3.3',
26 silly install resolved        should: '~4.0.0',
26 silly install resolved        'semantic-release': '4.3.5' },
26 silly install resolved     dependencies:
26 silly install resolved      { chokidar: '^1.4.3',
26 silly install resolved        debug: '^2.2.0',
26 silly install resolved        'es6-promise': '^3.0.2',
26 silly install resolved        'ignore-by-default': '^1.0.0',
26 silly install resolved        'lodash.defaults': '^3.1.2',
26 silly install resolved        minimatch: '^3.0.0',
26 silly install resolved        'ps-tree': '^1.0.1',
26 silly install resolved        touch: '1.0.0',
26 silly install resolved        undefsafe: '0.0.3',
26 silly install resolved        'update-notifier': '0.5.0' },
26 silly install resolved     version: '1.11.0',
26 silly install resolved     gitHead: '2cd85b1f609e9749d19afcdbd71368e6ab063f9d',
26 silly install resolved     bugs: { url: 'https://github.com/remy/nodemon/issues' },
26 silly install resolved     _id: 'nodemon@1.11.0',
26 silly install resolved     _shasum: '226c562bd2a7b13d3d7518b49ad4828a3623d06c',
26 silly install resolved     _from: 'nodemon@latest',
26 silly install resolved     _npmVersion: '2.15.11',
26 silly install resolved     _nodeVersion: '6.7.0',
26 silly install resolved     _npmUser: { name: 'remy', email: 'remy@leftlogic.com' },
26 silly install resolved     dist:
26 silly install resolved      { shasum: '226c562bd2a7b13d3d7518b49ad4828a3623d06c',
26 silly install resolved        tarball: 'https://registry.npmjs.org/nodemon/-/nodemon-1.11.0.tgz' },
26 silly install resolved     maintainers: [ [Object] ],
26 silly install resolved     _npmOperationalInternal:
26 silly install resolved      { host: 'packages-12-west.internal.npmjs.com',
26 silly install resolved        tmp: 'tmp/nodemon-1.11.0.tgz_1475780171533_0.901109219994396' },
26 silly install resolved     directories: {},
26 silly install resolved     _resolved: 'https://registry.npmjs.org/nodemon/-/nodemon-1.11.0.tgz',
26 silly install resolved     readme: 'ERROR: No README data found!' } ]
27 info install nodemon@1.11.0 into /usr/local/lib
28 info installOne nodemon@1.11.0
29 verbose installOne of nodemon to /usr/local/lib not in flight; installing
30 verbose correctMkdir /Users/Nicky/.npm/_locks correctMkdir not in flight; initializing
31 verbose lock using /Users/Nicky/.npm/_locks/nodemon-49f7ed19e778991e.lock for /usr/local/lib/node_modules/nodemon
32 silly install write writing nodemon 1.11.0 to /usr/local/lib/node_modules/nodemon
33 verbose unbuild lib/node_modules/nodemon
34 info preuninstall nodemon@1.10.2
35 info uninstall nodemon@1.10.2
36 verbose unbuild rmStuff nodemon@1.10.2 from /usr/local/lib/node_modules
37 silly gentlyRm /usr/local/bin/nodemon is being gently removed
38 silly gentlyRm verifying /usr/local is an npm working directory
39 silly gentlyRm containing path /usr/local is under npm's control, in /usr/local
40 silly gentlyRm deletion target /usr/local/bin/nodemon is under /usr/local
41 verbose gentlyRm vacuuming from /usr/local/bin/nodemon up to /usr/local
42 info postuninstall nodemon@1.10.2
43 silly gentlyRm /usr/local/lib/node_modules/nodemon is being purged from base /usr/local
44 verbose gentlyRm don't care about contents; nuking /usr/local/lib/node_modules/nodemon
45 silly vacuum-fs purging /usr/local/lib/node_modules/nodemon
46 verbose unlock done using /Users/Nicky/.npm/_locks/nodemon-49f7ed19e778991e.lock for /usr/local/lib/node_modules/nodemon
47 verbose stack Error: EACCES: permission denied, rmdir '/usr/local/lib/node_modules/nodemon'
47 verbose stack     at Error (native)
48 verbose cwd /Users/Nicky/Desktop/Bootcamp/homework/burger
49 error Darwin 15.6.0
50 error argv "/usr/local/bin/node" "/usr/local/bin/npm" "install" "nodemon" "--g"
51 error node v4.5.0
52 error npm  v2.15.9
53 error path /usr/local/lib/node_modules/nodemon
54 error code EACCES
55 error errno -13
56 error syscall rmdir
57 error Error: EACCES: permission denied, rmdir '/usr/local/lib/node_modules/nodemon'
57 error     at Error (native)
57 error  { [Error: EACCES: permission denied, rmdir '/usr/local/lib/node_modules/nodemon']
57 error   errno: -13,
57 error   code: 'EACCES',
57 error   syscall: 'rmdir',
57 error   path: '/usr/local/lib/node_modules/nodemon' }
58 error Please try running this command again as root/Administrator.
59 verbose exit [ -13, true ]
60 verbose unbuild lib/node_modules/nodemon
61 info preuninstall nodemon@1.10.2
62 info uninstall nodemon@1.10.2
63 verbose unbuild rmStuff nodemon@1.10.2 from /usr/local/lib/node_modules
64 silly gentlyRm /usr/local/bin/nodemon is being gently removed
65 silly gentlyRm verifying /usr/local is an npm working directory
66 silly gentlyRm containing path /usr/local is under npm's control, in /usr/local
67 silly gentlyRm deletion target /usr/local/bin/nodemon is under /usr/local
68 verbose gentlyRm vacuuming from /usr/local/bin/nodemon up to /usr/local
69 info postuninstall nodemon@1.10.2
70 silly gentlyRm /usr/local/lib/node_modules/nodemon is being purged from base /usr/local
71 verbose gentlyRm don't care about contents; nuking /usr/local/lib/node_modules/nodemon
72 silly vacuum-fs purging /usr/local/lib/node_modules/nodemon
73 error error rolling back Error: EACCES: permission denied, rmdir '/usr/local/lib/node_modules/nodemon'
73 error error rolling back     at Error (native)
73 error error rolling back  { [Error: EACCES: permission denied, rmdir '/usr/local/lib/node_modules/nodemon']
73 error error rolling back   errno: -13,
73 error error rolling back   code: 'EACCES',
73 error error rolling back   syscall: 'rmdir',
73 error error rolling back   path: '/usr/local/lib/node_modules/nodemon' }
